<?xml version="1.0" encoding="UTF-8"?>
<testsuite name="CarListTest" tests="7" skipped="0" failures="0" errors="0" timestamp="2024-09-29T07:21:34" hostname="USER-PC" time="0.025">
  <properties/>
  <testcase name="whenAdded100ElementsThenSizeMustBe100()" classname="CarListTest" time="0.017"/>
  <testcase name="methodGetReturnedRightValue()" classname="CarListTest" time="0.001"/>
  <testcase name="whenElementRemovedByIndexThenSizeMustBeDecreased()" classname="CarListTest" time="0.001"/>
  <testcase name="whenListClearedThenSizeMustBe0()" classname="CarListTest" time="0.001"/>
  <testcase name="whenElementRemovedThenSizeMustBeDecreased()" classname="CarListTest" time="0.001"/>
  <testcase name="whenNonExistentElementRemovedThenReturnFalse()" classname="CarListTest" time="0.001"/>
  <testcase name="whenIndexOutOfBoundsThenThrownException()" classname="CarListTest" time="0.002"/>
  <system-out><![CDATA[]]></system-out>
  <system-err><![CDATA[]]></system-err>
</testsuite>
